<?xml version="1.0" encoding="UTF-8"?>
<!-- Generated by org.testng.reporters.JUnitXMLReporter -->
<testsuite ignored="0" hostname="AMGBLR2009-LT" failures="0" tests="6" name="Test" time="8.488" errors="0" timestamp="2022-07-20T08:57:49 IST">
  <testcase classname="tv.onDemand.endToend.UserConfigurations" name="configCustomer" time="0.989"/>
  <testcase classname="tv.onDemand.endToend.UserConfigurations" name="userRoles" time="0.642"/>
  <testcase classname="tv.onDemand.endToend.UserConfigurations" name="registerUser" time="1.442"/>
  <testcase classname="tv.onDemand.endToend.UserConfigurations" name="getSpecifiedUserDetails" time="2.221"/>
  <testcase classname="tv.onDemand.endToend.UserConfigurations" name="updateUser" time="0.651"/>
  <testcase classname="tv.onDemand.endToend.UserConfigurations" name="deleteUser" time="2.21"/>
</testsuite> <!-- Test -->
