<?xml version="1.0" encoding="UTF-8"?>
<testng-results ignored="0" total="1" passed="1" failed="0" skipped="0">
  <reporter-output>
  </reporter-output>
  <suite started-at="2022-11-29T11:57:41 IST" name="Default suite" finished-at="2022-11-29T11:57:48 IST" duration-ms="6642">
    <groups>
      <group name="regression">
        <method signature="ListOfUsers.listOfUsers()[pri:0, instance:tv.ondemand.Users.ListOfUsers@706f6d26]" name="listOfUsers" class="tv.ondemand.Users.ListOfUsers"/>
      </group> <!-- regression -->
      <group name="smoke">
        <method signature="ListOfUsers.listOfUsers()[pri:0, instance:tv.ondemand.Users.ListOfUsers@706f6d26]" name="listOfUsers" class="tv.ondemand.Users.ListOfUsers"/>
      </group> <!-- smoke -->
    </groups>
    <test started-at="2022-11-29T11:57:41 IST" name="Default test" finished-at="2022-11-29T11:57:48 IST" duration-ms="6642">
      <class name="tv.ondemand.Users.ListOfUsers">
        <test-method is-config="true" signature="connectDB()[pri:0, instance:tv.ondemand.Users.ListOfUsers@706f6d26]" started-at="2022-11-29T11:57:39 IST" name="connectDB" finished-at="2022-11-29T11:57:41 IST" duration-ms="2264" status="PASS">
          <reporter-output>
          </reporter-output>
        </test-method> <!-- connectDB -->
        <test-method is-config="true" signature="baseUri()[pri:0, instance:tv.ondemand.Users.ListOfUsers@706f6d26]" started-at="2022-11-29T11:57:41 IST" name="baseUri" finished-at="2022-11-29T11:57:41 IST" duration-ms="1" status="PASS">
          <reporter-output>
          </reporter-output>
        </test-method> <!-- baseUri -->
        <test-method signature="listOfUsers()[pri:0, instance:tv.ondemand.Users.ListOfUsers@706f6d26]" started-at="2022-11-29T11:57:41 IST" name="listOfUsers" finished-at="2022-11-29T11:57:48 IST" duration-ms="6547" status="PASS">
          <reporter-output>
          </reporter-output>
        </test-method> <!-- listOfUsers -->
        <test-method is-config="true" signature="closeDBConnection()[pri:0, instance:tv.ondemand.Users.ListOfUsers@706f6d26]" started-at="2022-11-29T11:57:48 IST" name="closeDBConnection" finished-at="2022-11-29T11:57:48 IST" duration-ms="1" status="PASS">
          <reporter-output>
          </reporter-output>
        </test-method> <!-- closeDBConnection -->
      </class> <!-- tv.ondemand.Users.ListOfUsers -->
    </test> <!-- Default test -->
  </suite> <!-- Default suite -->
</testng-results>
